<?xml version="1.0" encoding="UTF-8"?>
<testng-results skipped="0" failed="0" ignored="0" total="1" passed="1">
  <reporter-output>
  </reporter-output>
  <suite name="Surefire suite" duration-ms="65" started-at="2021-12-11T21:49:10Z" finished-at="2021-12-11T21:49:10Z">
    <groups>
    </groups>
    <test name="Surefire test" duration-ms="65" started-at="2021-12-11T21:49:10Z" finished-at="2021-12-11T21:49:10Z">
      <class name="gov.uk.check.visa.AppTest">
        <test-method status="PASS" signature="shouldAnswerWithTrue()" name="shouldAnswerWithTrue" duration-ms="15" started-at="2021-12-11T21:49:10Z" finished-at="2021-12-11T21:49:10Z">
          <reporter-output>
          </reporter-output>
        </test-method> <!-- shouldAnswerWithTrue -->
      </class> <!-- gov.uk.check.visa.AppTest -->
    </test> <!-- Surefire test -->
  </suite> <!-- Surefire suite -->
</testng-results>
